<?xml version="1.0" encoding="UTF-8"?>
<!-- Generated by org.testng.reporters.JUnitXMLReporter -->
<testsuite ignored="0" hostname="DESKTOP-72J7IOT" failures="0" tests="6" name="Default test" time="1.254" errors="0" timestamp="2022-10-18T09:48:49 IST">
  <testcase classname="Storedprocedure_testing.SP_Testing" name="test_storedproceduresExists" time="0.1"/>
  <testcase classname="Storedprocedure_testing.SP_Testing" name="test_AllCostomers" time="0.192"/>
  <testcase classname="Storedprocedure_testing.SP_Testing" name="Test_SelectAllCustomersByCity" time="0.021"/>
  <testcase classname="Storedprocedure_testing.SP_Testing" name="Test_SelectAllCustomersByCityAndPin" time="0.016"/>
  <testcase classname="Storedprocedure_testing.SP_Testing" name="Test_get_order_by_customer" time="0.02"/>
  <testcase classname="Storedprocedure_testing.SP_Testing" name="Test_GetCustomerSipping" time="0.014"/>
</testsuite> <!-- Default test -->
